13:08:36.102[main] INFO  testCases.Test_AccRegistrationPage - ****Starting Account Registration Test****
13:08:36.218[main] INFO  testCases.Test_AccRegistrationPage -  clicked on my account 
13:08:36.833[main] INFO  testCases.Test_AccRegistrationPage -   and clicked on register link 
13:08:38.190[main] INFO  testCases.Test_AccRegistrationPage - Provided all details of custmor and clicked continue
13:08:38.230[main] INFO  testCases.Test_AccRegistrationPage - ****Finished Account Registration Test****
13:08:23.100[main] INFO  testCases.Test_AccRegistrationPage - ****Starting Account Registration Test****
13:08:23.259[main] INFO  testCases.Test_AccRegistrationPage -  clicked on my account 
13:08:23.993[main] INFO  testCases.Test_AccRegistrationPage -   and clicked on register link 
13:08:26.391[main] INFO  testCases.Test_AccRegistrationPage - Provided all details of custmor and clicked continue
13:08:26.450[main] INFO  testCases.Test_AccRegistrationPage - ****Finished Account Registration Test****
13:08:53.073[main] INFO  testCases.Test_AccRegistrationPage - ****Starting Account Registration Test****
13:08:53.258[main] INFO  testCases.Test_AccRegistrationPage -  clicked on my account 
13:08:53.983[main] INFO  testCases.Test_AccRegistrationPage -   and clicked on register link 
13:08:55.691[main] INFO  testCases.Test_AccRegistrationPage - Provided all details of customer  and clicked continue
13:08:55.760[main] INFO  testCases.Test_AccRegistrationPage - ****Finished Account Registration Test****
13:08:36.922[main] INFO  testCases.Test_AccRegistrationPage - ****Starting Account Registration Test****
13:08:37.046[main] INFO  testCases.Test_AccRegistrationPage -  clicked on my account 
13:08:37.787[main] INFO  testCases.Test_AccRegistrationPage -   and clicked on register link 
13:08:39.266[main] INFO  testCases.Test_AccRegistrationPage - Provided all details of customer  and clicked continue
13:08:39.322[main] INFO  testCases.Test_AccRegistrationPage - ****Finished Account Registration Test****
13:08:46.825 PM[main] INFO  testCases.Test_AccRegistrationPage - ****Starting Account Registration Test****
13:08:46.949 PM[main] INFO  testCases.Test_AccRegistrationPage -  clicked on my account 
13:08:47.723 PM[main] INFO  testCases.Test_AccRegistrationPage -   and clicked on register link 
13:08:49.563 PM[main] INFO  testCases.Test_AccRegistrationPage - Provided all details of customer  and clicked continue
13:08:49.619 PM[main] INFO  testCases.Test_AccRegistrationPage - ****Finished Account Registration Test****
01:08:21.006 PM[main] INFO  testCases.Test_AccRegistrationPage - ****Starting Account Registration Test****
01:08:21.145 PM[main] INFO  testCases.Test_AccRegistrationPage -  clicked on my account 
01:08:21.910 PM[main] INFO  testCases.Test_AccRegistrationPage -   and clicked on register link 
01:08:23.503 PM[main] INFO  testCases.Test_AccRegistrationPage - Provided all details of customer  and clicked continue
01:08:23.554 PM[main] INFO  testCases.Test_AccRegistrationPage - ****Finished Account Registration Test****
01:53:05.220 PM[main] INFO  testCases.Test_AccRegistrationPage - ****Starting Account Registration Test****
01:53:05.366 PM[main] INFO  testCases.Test_AccRegistrationPage -  clicked on my account 
01:53:06.144 PM[main] INFO  testCases.Test_AccRegistrationPage -   and clicked on register link 
01:53:08.409 PM[main] INFO  testCases.Test_AccRegistrationPage - Provided all details of customer  and clicked continue
01:53:08.470 PM[main] INFO  testCases.Test_AccRegistrationPage - ****Finished Account Registration Test****
07:05:01.368 PM[main] INFO  testCases.Test_AccRegistrationPage - ****Starting Account Registration Test****
07:05:01.697 PM[main] INFO  testCases.Test_AccRegistrationPage -  clicked on my account 
07:05:02.587 PM[main] INFO  testCases.Test_AccRegistrationPage -   and clicked on register link 
07:05:04.792 PM[main] INFO  testCases.Test_AccRegistrationPage - Provided all details of customer  and clicked continue
07:05:04.853 PM[main] INFO  testCases.Test_AccRegistrationPage - ****Finished Account Registration Test****
11:32:24.886 AM[main] INFO  testCases.Test_LoginPage - **** Starting Login Test ****
11:35:23.052 AM[main] INFO  testCases.Test_LoginPage - **** Starting Login Test ****
11:39:03.652 AM[main] INFO  testCases.Test_LoginPage - **** Starting Login Test ****
11:42:22.464 AM[main] INFO  testCases.Test_LoginPage - **** Starting Login Test ****
11:42:25.536 AM[main] INFO  testCases.Test_LoginPage - **** Finshed Login Test ****
08:05:45.609 PM[main] INFO  testCases.Test_dataDriven_loginTest - ***** Starting data drivrn login test *****
08:05:49.173 PM[main] INFO  testCases.Test_dataDriven_loginTest - ***** FINSHED  data drivrn login test *****
08:05:49.196 PM[main] INFO  testCases.Test_dataDriven_loginTest - ***** Starting data drivrn login test *****
08:06:41.360 PM[main] INFO  testCases.Test_dataDriven_loginTest - ***** FINSHED  data drivrn login test *****
08:06:41.372 PM[main] INFO  testCases.Test_dataDriven_loginTest - ***** Starting data drivrn login test *****
08:07:33.972 PM[main] INFO  testCases.Test_dataDriven_loginTest - ***** FINSHED  data drivrn login test *****
08:07:33.981 PM[main] INFO  testCases.Test_dataDriven_loginTest - ***** Starting data drivrn login test *****
08:08:26.321 PM[main] INFO  testCases.Test_dataDriven_loginTest - ***** FINSHED  data drivrn login test *****
08:08:26.331 PM[main] INFO  testCases.Test_dataDriven_loginTest - ***** Starting data drivrn login test *****
08:20:05.645 PM[main] INFO  testCases.Test_dataDriven_loginTest - ***** Starting data drivrn login test *****
08:20:09.266 PM[main] INFO  testCases.Test_dataDriven_loginTest - ***** FINSHED  data drivrn login test *****
08:20:09.293 PM[main] INFO  testCases.Test_dataDriven_loginTest - ***** Starting data drivrn login test *****
08:21:01.408 PM[main] INFO  testCases.Test_dataDriven_loginTest - ***** FINSHED  data drivrn login test *****
08:21:01.421 PM[main] INFO  testCases.Test_dataDriven_loginTest - ***** Starting data drivrn login test *****
08:21:54.203 PM[main] INFO  testCases.Test_dataDriven_loginTest - ***** FINSHED  data drivrn login test *****
08:21:54.215 PM[main] INFO  testCases.Test_dataDriven_loginTest - ***** Starting data drivrn login test *****
08:22:46.613 PM[main] INFO  testCases.Test_dataDriven_loginTest - ***** FINSHED  data drivrn login test *****
08:22:46.624 PM[main] INFO  testCases.Test_dataDriven_loginTest - ***** Starting data drivrn login test *****
08:22:50.386 PM[main] INFO  testCases.Test_dataDriven_loginTest - ***** FINSHED  data drivrn login test *****
11:38:15.371 AM[main] INFO  testCases.Test_AccRegistrationPage - ****Starting Account Registration Test****
11:38:15.658 AM[main] INFO  testCases.Test_AccRegistrationPage -  clicked on my account 
11:38:16.470 AM[main] INFO  testCases.Test_AccRegistrationPage -   and clicked on register link 
11:38:18.858 AM[main] INFO  testCases.Test_AccRegistrationPage - Provided all details of customer  and clicked continue
11:38:18.928 AM[main] INFO  testCases.Test_AccRegistrationPage - ****Finished Account Registration Test****
11:38:23.795 AM[main] INFO  testCases.Test_LoginPage - **** Starting Login Test ****
11:38:26.134 AM[main] INFO  testCases.Test_LoginPage - **** Finished Login Test ****
11:40:01.728 AM[main] INFO  testCases.Test_LoginPage - **** Starting Login Test ****
11:40:04.344 AM[main] INFO  testCases.Test_LoginPage - **** Finished Login Test ****
07:49:00.929 PM[main] INFO  testCases.Test_AccRegistrationPage - ****Starting Account Registration Test****
07:49:01.178 PM[main] INFO  testCases.Test_AccRegistrationPage -  clicked on my account 
07:49:02.105 PM[main] INFO  testCases.Test_AccRegistrationPage -   and clicked on register link 
07:49:04.919 PM[main] INFO  testCases.Test_AccRegistrationPage - Provided all details of customer  and clicked continue
07:49:04.980 PM[main] INFO  testCases.Test_AccRegistrationPage - ****Finished Account Registration Test****
07:49:10.554 PM[main] INFO  testCases.Test_LoginPage - **** Starting Login Test ****
07:49:13.337 PM[main] INFO  testCases.Test_LoginPage - **** Finished Login Test ****
07:57:58.344 PM[main] INFO  testCases.Test_AccRegistrationPage - ****Starting Account Registration Test****
07:57:58.603 PM[main] INFO  testCases.Test_AccRegistrationPage -  clicked on my account 
07:57:59.497 PM[main] INFO  testCases.Test_AccRegistrationPage -   and clicked on register link 
07:58:01.784 PM[main] INFO  testCases.Test_AccRegistrationPage - Provided all details of customer  and clicked continue
07:58:01.841 PM[main] INFO  testCases.Test_AccRegistrationPage - ****Finished Account Registration Test****
07:58:07.578 PM[main] INFO  testCases.Test_LoginPage - **** Starting Login Test ****
08:48:21.140 PM[main] INFO  testCases.Test_AccRegistrationPage - ****Starting Account Registration Test****
08:48:21.636 PM[main] INFO  testCases.Test_AccRegistrationPage -  clicked on my account 
08:48:22.479 PM[main] INFO  testCases.Test_AccRegistrationPage -   and clicked on register link 
08:48:24.836 PM[main] INFO  testCases.Test_AccRegistrationPage - Provided all details of customer  and clicked continue
08:48:24.908 PM[main] INFO  testCases.Test_AccRegistrationPage - ****Finished Account Registration Test****
08:48:30.027 PM[main] INFO  testCases.Test_LoginPage - **** Starting Login Test ****
09:06:25.271 PM[main] INFO  testCases.Test_AccRegistrationPage - ****Starting Account Registration Test****
09:06:25.578 PM[main] INFO  testCases.Test_AccRegistrationPage -  clicked on my account 
09:06:26.840 PM[main] INFO  testCases.Test_AccRegistrationPage -   and clicked on register link 
09:06:30.317 PM[main] INFO  testCases.Test_AccRegistrationPage - Provided all details of customer  and clicked continue
09:06:30.449 PM[main] INFO  testCases.Test_AccRegistrationPage - ****Finished Account Registration Test****
09:06:37.994 PM[main] INFO  testCases.Test_LoginPage - **** Starting Login Test ****
09:07:51.168 PM[main] INFO  testCases.Test_AccRegistrationPage - ****Starting Account Registration Test****
09:07:52.064 PM[main] INFO  testCases.Test_AccRegistrationPage -  clicked on my account 
09:07:53.240 PM[main] INFO  testCases.Test_AccRegistrationPage -   and clicked on register link 
09:07:56.438 PM[main] INFO  testCases.Test_AccRegistrationPage - Provided all details of customer  and clicked continue
09:07:56.594 PM[main] INFO  testCases.Test_AccRegistrationPage - ****Finished Account Registration Test****
09:08:02.507 PM[main] INFO  testCases.Test_LoginPage - **** Starting Login Test ****
09:11:57.129 PM[main] INFO  testCases.Test_AccRegistrationPage - ****Starting Account Registration Test****
09:11:58.370 PM[main] INFO  testCases.Test_AccRegistrationPage -  clicked on my account 
09:12:00.108 PM[main] INFO  testCases.Test_AccRegistrationPage -   and clicked on register link 
09:12:03.075 PM[main] INFO  testCases.Test_AccRegistrationPage - Provided all details of customer  and clicked continue
09:12:03.191 PM[main] INFO  testCases.Test_AccRegistrationPage - ****Finished Account Registration Test****
09:12:10.475 PM[main] INFO  testCases.Test_LoginPage - **** Starting Login Test ****
09:50:37.065 PM[main] INFO  testCases.Test_AccRegistrationPage - ****Starting Account Registration Test****
09:50:37.172 PM[main] INFO  testCases.Test_AccRegistrationPage -  clicked on my account 
09:50:37.774 PM[main] INFO  testCases.Test_AccRegistrationPage -   and clicked on register link 
09:50:39.275 PM[main] INFO  testCases.Test_AccRegistrationPage - Provided all details of customer  and clicked continue
09:50:39.315 PM[main] INFO  testCases.Test_AccRegistrationPage - ****Finished Account Registration Test****
09:50:42.877 PM[main] INFO  testCases.Test_LoginPage - **** Starting Login Test ****
10:16:19.133 AM[main] INFO  testCases.Test_AccRegistrationPage - ****Starting Account Registration Test****
10:16:19.348 AM[main] INFO  testCases.Test_AccRegistrationPage -  clicked on my account 
10:16:20.237 AM[main] INFO  testCases.Test_AccRegistrationPage -   and clicked on register link 
10:16:22.270 AM[main] INFO  testCases.Test_AccRegistrationPage - Provided all details of customer  and clicked continue
10:16:22.325 AM[main] INFO  testCases.Test_AccRegistrationPage - ****Finished Account Registration Test****
10:16:26.808 AM[main] INFO  testCases.Test_LoginPage - **** Starting Login Test ****
10:16:28.789 AM[main] INFO  testCases.Test_LoginPage - **** Finished Login Test ****
10:17:57.448 AM[main] INFO  testCases.Test_AccRegistrationPage - ****Starting Account Registration Test****
10:17:57.644 AM[main] INFO  testCases.Test_AccRegistrationPage -  clicked on my account 
10:17:58.362 AM[main] INFO  testCases.Test_AccRegistrationPage -   and clicked on register link 
10:18:00.627 AM[main] INFO  testCases.Test_AccRegistrationPage - Provided all details of customer  and clicked continue
10:18:00.684 AM[main] INFO  testCases.Test_AccRegistrationPage - ****Finished Account Registration Test****
10:18:05.180 AM[main] INFO  testCases.Test_LoginPage - **** Starting Login Test ****
12:16:51.473 PM[main] INFO  testCases.Test_AccRegistrationPage - ****Starting Account Registration Test****
12:16:51.583 PM[main] INFO  testCases.Test_AccRegistrationPage -  clicked on my account 
12:16:52.214 PM[main] INFO  testCases.Test_AccRegistrationPage -   and clicked on register link 
12:16:53.541 PM[main] INFO  testCases.Test_AccRegistrationPage - Provided all details of customer  and clicked continue
12:16:53.587 PM[main] INFO  testCases.Test_AccRegistrationPage - ****Finished Account Registration Test****
12:16:56.977 PM[main] INFO  testCases.Test_LoginPage - **** Starting Login Test ****
12:16:58.489 PM[main] INFO  testCases.Test_LoginPage - **** Finished Login Test ****
06:53:52.172 PM[main] INFO  testCases.Test_AccRegistrationPage - ****Starting Account Registration Test****
06:53:52.315 PM[main] INFO  testCases.Test_AccRegistrationPage -  clicked on my account 
06:53:53.078 PM[main] INFO  testCases.Test_AccRegistrationPage -   and clicked on register link 
06:53:55.291 PM[main] INFO  testCases.Test_AccRegistrationPage - Provided all details of customer  and clicked continue
06:53:55.352 PM[main] INFO  testCases.Test_AccRegistrationPage - ****Finished Account Registration Test****
06:54:00.442 PM[main] INFO  testCases.Test_LoginPage - **** Starting Login Test ****
06:54:02.730 PM[main] INFO  testCases.Test_LoginPage - **** Finished Login Test ****
07:21:12.894 PM[main] INFO  testCases.Test_AccRegistrationPage - ****Starting Account Registration Test****
07:21:13.286 PM[main] INFO  testCases.Test_AccRegistrationPage -  clicked on my account 
07:21:14.049 PM[main] INFO  testCases.Test_AccRegistrationPage -   and clicked on register link 
07:21:16.532 PM[main] INFO  testCases.Test_AccRegistrationPage - Provided all details of customer  and clicked continue
07:21:16.637 PM[main] INFO  testCases.Test_AccRegistrationPage - ****Finished Account Registration Test****
07:21:22.274 PM[main] INFO  testCases.Test_LoginPage - **** Starting Login Test ****
07:21:24.835 PM[main] INFO  testCases.Test_LoginPage - **** Finished Login Test ****
07:27:16.394 PM[main] INFO  testCases.Test_AccRegistrationPage - ****Starting Account Registration Test****
07:27:16.892 PM[main] INFO  testCases.Test_AccRegistrationPage -  clicked on my account 
07:27:17.717 PM[main] INFO  testCases.Test_AccRegistrationPage -   and clicked on register link 
07:27:19.984 PM[main] INFO  testCases.Test_AccRegistrationPage - Provided all details of customer  and clicked continue
07:27:20.101 PM[main] INFO  testCases.Test_AccRegistrationPage - ****Finished Account Registration Test****
07:27:25.803 PM[main] INFO  testCases.Test_LoginPage - **** Starting Login Test ****
07:27:27.990 PM[main] INFO  testCases.Test_LoginPage - **** Finished Login Test ****
07:32:37.374 PM[main] INFO  testCases.Test_SearchPageProduct -  Starting_SearchProductTest 
07:32:38.537 PM[main] INFO  testCases.Test_SearchPageProduct -  Finshed SearchProductTest 
07:33:14.667 PM[main] INFO  testCases.Test_SearchPageProduct -  Starting_SearchProductTest 
07:33:15.784 PM[main] INFO  testCases.Test_SearchPageProduct -  Finshed SearchProductTest 
07:34:06.192 PM[main] INFO  testCases.Test_LoginPage - **** Starting Login Test ****
07:34:08.629 PM[main] INFO  testCases.Test_LoginPage - **** Finished Login Test ****
07:34:13.664 PM[main] INFO  testCases.Test_SearchPageProduct -  Starting_SearchProductTest 
07:34:14.600 PM[main] INFO  testCases.Test_SearchPageProduct -  Finshed SearchProductTest 
07:35:04.132 PM[main] INFO  testCases.Test_AccRegistrationPage - ****Starting Account Registration Test****
07:35:04.589 PM[main] INFO  testCases.Test_AccRegistrationPage -  clicked on my account 
07:35:05.684 PM[main] INFO  testCases.Test_AccRegistrationPage -   and clicked on register link 
07:35:07.915 PM[main] INFO  testCases.Test_AccRegistrationPage - Provided all details of customer  and clicked continue
07:35:08.037 PM[main] INFO  testCases.Test_AccRegistrationPage - ****Finished Account Registration Test****
07:35:13.259 PM[main] INFO  testCases.Test_LoginPage - **** Starting Login Test ****
07:35:15.763 PM[main] INFO  testCases.Test_LoginPage - **** Finished Login Test ****
07:35:20.945 PM[main] INFO  testCases.Test_SearchPageProduct -  Starting_SearchProductTest 
07:35:21.937 PM[main] INFO  testCases.Test_SearchPageProduct -  Finshed SearchProductTest 
07:37:50.163 PM[main] INFO  testCases.Test_AccRegistrationPage - ****Starting Account Registration Test****
07:37:50.591 PM[main] INFO  testCases.Test_AccRegistrationPage -  clicked on my account 
07:37:51.505 PM[main] INFO  testCases.Test_AccRegistrationPage -   and clicked on register link 
07:37:53.709 PM[main] INFO  testCases.Test_AccRegistrationPage - Provided all details of customer  and clicked continue
07:37:53.804 PM[main] INFO  testCases.Test_AccRegistrationPage - ****Finished Account Registration Test****
07:37:59.021 PM[main] INFO  testCases.Test_LoginPage - **** Starting Login Test ****
07:38:01.597 PM[main] INFO  testCases.Test_LoginPage - **** Finished Login Test ****
07:38:07.126 PM[main] INFO  testCases.Test_SearchPageProduct -  Starting_SearchProductTest 
07:38:08.258 PM[main] INFO  testCases.Test_SearchPageProduct -  Finshed SearchProductTest 
07:41:36.580 PM[main] INFO  testCases.Test_AccRegistrationPage - ****Starting Account Registration Test****
07:41:37.118 PM[main] INFO  testCases.Test_AccRegistrationPage -  clicked on my account 
07:41:37.929 PM[main] INFO  testCases.Test_AccRegistrationPage -   and clicked on register link 
07:41:40.469 PM[main] INFO  testCases.Test_AccRegistrationPage - Provided all details of customer  and clicked continue
07:41:40.546 PM[main] INFO  testCases.Test_AccRegistrationPage - ****Finished Account Registration Test****
07:41:46.383 PM[main] INFO  testCases.Test_LoginPage - **** Starting Login Test ****
07:41:50.117 PM[main] INFO  testCases.Test_LoginPage - **** Finished Login Test ****
07:41:56.285 PM[main] INFO  testCases.Test_SearchPageProduct -  Starting_SearchProductTest 
07:41:57.349 PM[main] INFO  testCases.Test_SearchPageProduct -  Finshed SearchProductTest 
